<component name="libraryTable">
  <library name="junit-4.12">
    <CLASSES>
      <root url="jar://C:/Program Files (x86)/Java/jre1.8.0_121/lib/ext/junit-4.12.jar!/" />
    </CLASSES>
    <JAVADOC />
    <SOURCES />
  </library>
</component>